<?xml version="1.0" encoding="UTF-8"?>
<robot generator="Robot 6.1.1 (Python 3.8.18 on linux)" generated="20240312 01:25:10.751" rpa="true" schemaversion="4">
<suite id="s1" name="Tests" source="/1205/tests">
<suite id="s1-s1" name="Tasks" source="/1205/tests/tasks.robot">
<test id="s1-s1-t1" name="Weather Prediction" line="21">
<kw name="Open Website">
<kw name="Open Available Browser" library="RPA.Browser.Selenium">
<arg>https://www.cwa.gov.tw/V8/C/W/County/County.html?CID=63</arg>
<doc>Attempts to open a browser on the user's device from a set of
supported browsers. Automatically downloads a corresponding webdriver
if none is already installed.</doc>
<msg timestamp="20240312 01:25:11.656" level="INFO">Auto-detected headless environment!</msg>
<msg timestamp="20240312 01:25:11.996" level="INFO">Webdriver version taken into use: ChromeDriver 120.0.6099.71 (9729082fe6174c0a371fc66501f5efc5d69d3d2b-refs/branch-heads/6099_56@{#13})
</msg>
<msg timestamp="20240312 01:25:11.996" level="INFO">Creating an instance of the Chrome WebDriver.</msg>
<msg timestamp="20240312 01:25:13.444" level="INFO">Created Chrome browser (version 121.0.6167) with arguments: --headless=new --disable-gpu --window-size=1440,900 --disable-dev-shm-usage --disable-web-security --allow-running-insecure-content --no-sandbox</msg>
<msg timestamp="20240312 01:25:13.444" level="INFO" html="true">&lt;p&gt;Attempted combinations:&lt;/p&gt;&lt;div class="doc"&gt;&lt;table&gt;&lt;tr&gt;&lt;th&gt;Browser&lt;/th&gt;&lt;th&gt;Download&lt;/th&gt;&lt;th&gt;Error&lt;/th&gt;&lt;/tr&gt;&lt;tr&gt;&lt;td&gt;Chrome&lt;/td&gt;&lt;td&gt;False&lt;/td&gt;&lt;td&gt;&lt;/td&gt;&lt;/tr&gt;&lt;/table&gt;&lt;/div&gt;</msg>
<msg timestamp="20240312 01:25:13.444" level="INFO">Opening url 'https://www.cwa.gov.tw/V8/C/W/County/County.html?CID=63'</msg>
<status status="PASS" starttime="20240312 01:25:11.656" endtime="20240312 01:25:14.647"/>
</kw>
<status status="PASS" starttime="20240312 01:25:11.655" endtime="20240312 01:25:14.647"/>
</kw>
<kw name="Collect Date">
<var>${date_list}</var>
<kw name="Set Variable" library="BuiltIn">
<var>${date_locator}</var>
<arg>//th[@scope='col']</arg>
<doc>Returns the given values which can then be assigned to a variables.</doc>
<msg timestamp="20240312 01:25:14.648" level="INFO">${date_locator} = //th[@scope='col']</msg>
<status status="PASS" starttime="20240312 01:25:14.648" endtime="20240312 01:25:14.648"/>
</kw>
<kw name="Get WebElements" library="RPA.Browser.Selenium">
<var>${date_elements}</var>
<arg>${date_locator}</arg>
<doc>Returns a list of WebElement objects matching the ``locator``.</doc>
<msg timestamp="20240312 01:25:14.709" level="INFO">${date_elements} = [&lt;selenium.webdriver.remote.webelement.WebElement (session="18d69c19ed04ca70ef9783497c07e084", element="D035F8112528A4F83B4FCB4F1EA322D5_element_94")&gt;, &lt;selenium.webdriver.remote.webelement.WebElement...</msg>
<status status="PASS" starttime="20240312 01:25:14.649" endtime="20240312 01:25:14.709"/>
</kw>
<kw name="Create List" library="BuiltIn">
<var>${date_list}</var>
<doc>Returns a list containing given items.</doc>
<msg timestamp="20240312 01:25:14.710" level="INFO">${date_list} = []</msg>
<status status="PASS" starttime="20240312 01:25:14.709" endtime="20240312 01:25:14.710"/>
</kw>
<for flavor="IN">
<var>${element}</var>
<value>@{date_elements}</value>
<iter>
<var name="${element}">&lt;selenium.webdriver.remote.webelement.WebElement (session="18d69c19ed04ca70ef9783497c07e084", element="D035F8112528A4F83B4FCB4F1EA322D5_element_94")&gt;</var>
<kw name="Get Text" library="RPA.Browser.Selenium">
<var>${date_text}</var>
<arg>${element}</arg>
<doc>Returns the text value of the element identified by ``locator``.</doc>
<msg timestamp="20240312 01:25:14.743" level="INFO">${date_text} = 03/12
星期二</msg>
<status status="PASS" starttime="20240312 01:25:14.710" endtime="20240312 01:25:14.743"/>
</kw>
<kw name="Append To List" library="Collections">
<arg>${date_list}</arg>
<arg>${date_text}</arg>
<doc>Adds ``values`` to the end of ``list``.</doc>
<status status="PASS" starttime="20240312 01:25:14.744" endtime="20240312 01:25:14.744"/>
</kw>
<status status="PASS" starttime="20240312 01:25:14.710" endtime="20240312 01:25:14.744"/>
</iter>
<iter>
<var name="${element}">&lt;selenium.webdriver.remote.webelement.WebElement (session="18d69c19ed04ca70ef9783497c07e084", element="D035F8112528A4F83B4FCB4F1EA322D5_element_95")&gt;</var>
<kw name="Get Text" library="RPA.Browser.Selenium">
<var>${date_text}</var>
<arg>${element}</arg>
<doc>Returns the text value of the element identified by ``locator``.</doc>
<msg timestamp="20240312 01:25:14.754" level="INFO">${date_text} = 03/13
星期三</msg>
<status status="PASS" starttime="20240312 01:25:14.744" endtime="20240312 01:25:14.754"/>
</kw>
<kw name="Append To List" library="Collections">
<arg>${date_list}</arg>
<arg>${date_text}</arg>
<doc>Adds ``values`` to the end of ``list``.</doc>
<status status="PASS" starttime="20240312 01:25:14.754" endtime="20240312 01:25:14.754"/>
</kw>
<status status="PASS" starttime="20240312 01:25:14.744" endtime="20240312 01:25:14.754"/>
</iter>
<iter>
<var name="${element}">&lt;selenium.webdriver.remote.webelement.WebElement (session="18d69c19ed04ca70ef9783497c07e084", element="D035F8112528A4F83B4FCB4F1EA322D5_element_96")&gt;</var>
<kw name="Get Text" library="RPA.Browser.Selenium">
<var>${date_text}</var>
<arg>${element}</arg>
<doc>Returns the text value of the element identified by ``locator``.</doc>
<msg timestamp="20240312 01:25:14.763" level="INFO">${date_text} = 03/14
星期四</msg>
<status status="PASS" starttime="20240312 01:25:14.755" endtime="20240312 01:25:14.763"/>
</kw>
<kw name="Append To List" library="Collections">
<arg>${date_list}</arg>
<arg>${date_text}</arg>
<doc>Adds ``values`` to the end of ``list``.</doc>
<status status="PASS" starttime="20240312 01:25:14.763" endtime="20240312 01:25:14.764"/>
</kw>
<status status="PASS" starttime="20240312 01:25:14.755" endtime="20240312 01:25:14.764"/>
</iter>
<iter>
<var name="${element}">&lt;selenium.webdriver.remote.webelement.WebElement (session="18d69c19ed04ca70ef9783497c07e084", element="D035F8112528A4F83B4FCB4F1EA322D5_element_97")&gt;</var>
<kw name="Get Text" library="RPA.Browser.Selenium">
<var>${date_text}</var>
<arg>${element}</arg>
<doc>Returns the text value of the element identified by ``locator``.</doc>
<msg timestamp="20240312 01:25:14.771" level="INFO">${date_text} = 03/15
星期五</msg>
<status status="PASS" starttime="20240312 01:25:14.764" endtime="20240312 01:25:14.771"/>
</kw>
<kw name="Append To List" library="Collections">
<arg>${date_list}</arg>
<arg>${date_text}</arg>
<doc>Adds ``values`` to the end of ``list``.</doc>
<status status="PASS" starttime="20240312 01:25:14.771" endtime="20240312 01:25:14.771"/>
</kw>
<status status="PASS" starttime="20240312 01:25:14.764" endtime="20240312 01:25:14.772"/>
</iter>
<iter>
<var name="${element}">&lt;selenium.webdriver.remote.webelement.WebElement (session="18d69c19ed04ca70ef9783497c07e084", element="D035F8112528A4F83B4FCB4F1EA322D5_element_98")&gt;</var>
<kw name="Get Text" library="RPA.Browser.Selenium">
<var>${date_text}</var>
<arg>${element}</arg>
<doc>Returns the text value of the element identified by ``locator``.</doc>
<msg timestamp="20240312 01:25:14.780" level="INFO">${date_text} = 03/16
星期六</msg>
<status status="PASS" starttime="20240312 01:25:14.772" endtime="20240312 01:25:14.780"/>
</kw>
<kw name="Append To List" library="Collections">
<arg>${date_list}</arg>
<arg>${date_text}</arg>
<doc>Adds ``values`` to the end of ``list``.</doc>
<status status="PASS" starttime="20240312 01:25:14.780" endtime="20240312 01:25:14.780"/>
</kw>
<status status="PASS" starttime="20240312 01:25:14.772" endtime="20240312 01:25:14.780"/>
</iter>
<iter>
<var name="${element}">&lt;selenium.webdriver.remote.webelement.WebElement (session="18d69c19ed04ca70ef9783497c07e084", element="D035F8112528A4F83B4FCB4F1EA322D5_element_99")&gt;</var>
<kw name="Get Text" library="RPA.Browser.Selenium">
<var>${date_text}</var>
<arg>${element}</arg>
<doc>Returns the text value of the element identified by ``locator``.</doc>
<msg timestamp="20240312 01:25:14.789" level="INFO">${date_text} = 03/17
星期日</msg>
<status status="PASS" starttime="20240312 01:25:14.781" endtime="20240312 01:25:14.789"/>
</kw>
<kw name="Append To List" library="Collections">
<arg>${date_list}</arg>
<arg>${date_text}</arg>
<doc>Adds ``values`` to the end of ``list``.</doc>
<status status="PASS" starttime="20240312 01:25:14.789" endtime="20240312 01:25:14.789"/>
</kw>
<status status="PASS" starttime="20240312 01:25:14.780" endtime="20240312 01:25:14.789"/>
</iter>
<iter>
<var name="${element}">&lt;selenium.webdriver.remote.webelement.WebElement (session="18d69c19ed04ca70ef9783497c07e084", element="D035F8112528A4F83B4FCB4F1EA322D5_element_100")&gt;</var>
<kw name="Get Text" library="RPA.Browser.Selenium">
<var>${date_text}</var>
<arg>${element}</arg>
<doc>Returns the text value of the element identified by ``locator``.</doc>
<msg timestamp="20240312 01:25:14.800" level="INFO">${date_text} = 03/18
星期一</msg>
<status status="PASS" starttime="20240312 01:25:14.790" endtime="20240312 01:25:14.800"/>
</kw>
<kw name="Append To List" library="Collections">
<arg>${date_list}</arg>
<arg>${date_text}</arg>
<doc>Adds ``values`` to the end of ``list``.</doc>
<status status="PASS" starttime="20240312 01:25:14.800" endtime="20240312 01:25:14.800"/>
</kw>
<status status="PASS" starttime="20240312 01:25:14.789" endtime="20240312 01:25:14.800"/>
</iter>
<status status="PASS" starttime="20240312 01:25:14.710" endtime="20240312 01:25:14.800"/>
</for>
<msg timestamp="20240312 01:25:14.800" level="INFO">${date_list} = ['03/12\n星期二', '03/13\n星期三', '03/14\n星期四', '03/15\n星期五', '03/16\n星期六', '03/17\n星期日', '03/18\n星期一']</msg>
<status status="PASS" starttime="20240312 01:25:14.647" endtime="20240312 01:25:14.800"/>
</kw>
<kw name="Log" library="BuiltIn">
<arg>${date_list}</arg>
<doc>Logs the given message with the given level.</doc>
<msg timestamp="20240312 01:25:14.801" level="INFO">['03/12\n星期二', '03/13\n星期三', '03/14\n星期四', '03/15\n星期五', '03/16\n星期六', '03/17\n星期日', '03/18\n星期一']</msg>
<status status="PASS" starttime="20240312 01:25:14.801" endtime="20240312 01:25:14.801"/>
</kw>
<kw name="Collect Forecast">
<var>${forecast_list}</var>
<kw name="Set Variable" library="BuiltIn">
<var>${forecast_locator}</var>
<arg>//tr[@class='day']//span[@class='signal']/img</arg>
<doc>Returns the given values which can then be assigned to a variables.</doc>
<msg timestamp="20240312 01:25:14.802" level="INFO">${forecast_locator} = //tr[@class='day']//span[@class='signal']/img</msg>
<status status="PASS" starttime="20240312 01:25:14.801" endtime="20240312 01:25:14.802"/>
</kw>
<kw name="Get WebElements" library="RPA.Browser.Selenium">
<var>${forecast_elements}</var>
<arg>${forecast_locator}</arg>
<doc>Returns a list of WebElement objects matching the ``locator``.</doc>
<msg timestamp="20240312 01:25:14.815" level="INFO">${forecast_elements} = [&lt;selenium.webdriver.remote.webelement.WebElement (session="18d69c19ed04ca70ef9783497c07e084", element="D035F8112528A4F83B4FCB4F1EA322D5_element_33")&gt;, &lt;selenium.webdriver.remote.webelement.WebElement...</msg>
<status status="PASS" starttime="20240312 01:25:14.802" endtime="20240312 01:25:14.815"/>
</kw>
<kw name="Create List" library="BuiltIn">
<var>${forecast_list}</var>
<doc>Returns a list containing given items.</doc>
<msg timestamp="20240312 01:25:14.815" level="INFO">${forecast_list} = []</msg>
<status status="PASS" starttime="20240312 01:25:14.815" endtime="20240312 01:25:14.815"/>
</kw>
<for flavor="IN">
<var>${forecast_element}</var>
<value>@{forecast_elements}</value>
<iter>
<var name="${forecast_element}">&lt;selenium.webdriver.remote.webelement.WebElement (session="18d69c19ed04ca70ef9783497c07e084", element="D035F8112528A4F83B4FCB4F1EA322D5_element_33")&gt;</var>
<kw name="Get Element Attribute" library="RPA.Browser.Selenium">
<var>${forecast_title}</var>
<arg>${forecast_element}</arg>
<arg>title</arg>
<doc>Returns the value of ``attribute`` from the element ``locator``.</doc>
<msg timestamp="20240312 01:25:14.832" level="INFO">${forecast_title} = 晴時多雲</msg>
<status status="PASS" starttime="20240312 01:25:14.816" endtime="20240312 01:25:14.832"/>
</kw>
<kw name="Append To List" library="Collections">
<arg>${forecast_list}</arg>
<arg>${forecast_title}</arg>
<doc>Adds ``values`` to the end of ``list``.</doc>
<status status="PASS" starttime="20240312 01:25:14.833" endtime="20240312 01:25:14.833"/>
</kw>
<status status="PASS" starttime="20240312 01:25:14.816" endtime="20240312 01:25:14.833"/>
</iter>
<iter>
<var name="${forecast_element}">&lt;selenium.webdriver.remote.webelement.WebElement (session="18d69c19ed04ca70ef9783497c07e084", element="D035F8112528A4F83B4FCB4F1EA322D5_element_34")&gt;</var>
<kw name="Get Element Attribute" library="RPA.Browser.Selenium">
<var>${forecast_title}</var>
<arg>${forecast_element}</arg>
<arg>title</arg>
<doc>Returns the value of ``attribute`` from the element ``locator``.</doc>
<msg timestamp="20240312 01:25:14.846" level="INFO">${forecast_title} = 晴時多雲</msg>
<status status="PASS" starttime="20240312 01:25:14.833" endtime="20240312 01:25:14.846"/>
</kw>
<kw name="Append To List" library="Collections">
<arg>${forecast_list}</arg>
<arg>${forecast_title}</arg>
<doc>Adds ``values`` to the end of ``list``.</doc>
<status status="PASS" starttime="20240312 01:25:14.846" endtime="20240312 01:25:14.846"/>
</kw>
<status status="PASS" starttime="20240312 01:25:14.833" endtime="20240312 01:25:14.846"/>
</iter>
<iter>
<var name="${forecast_element}">&lt;selenium.webdriver.remote.webelement.WebElement (session="18d69c19ed04ca70ef9783497c07e084", element="D035F8112528A4F83B4FCB4F1EA322D5_element_35")&gt;</var>
<kw name="Get Element Attribute" library="RPA.Browser.Selenium">
<var>${forecast_title}</var>
<arg>${forecast_element}</arg>
<arg>title</arg>
<doc>Returns the value of ``attribute`` from the element ``locator``.</doc>
<msg timestamp="20240312 01:25:14.855" level="INFO">${forecast_title} = 多雲</msg>
<status status="PASS" starttime="20240312 01:25:14.847" endtime="20240312 01:25:14.855"/>
</kw>
<kw name="Append To List" library="Collections">
<arg>${forecast_list}</arg>
<arg>${forecast_title}</arg>
<doc>Adds ``values`` to the end of ``list``.</doc>
<status status="PASS" starttime="20240312 01:25:14.855" endtime="20240312 01:25:14.855"/>
</kw>
<status status="PASS" starttime="20240312 01:25:14.846" endtime="20240312 01:25:14.855"/>
</iter>
<iter>
<var name="${forecast_element}">&lt;selenium.webdriver.remote.webelement.WebElement (session="18d69c19ed04ca70ef9783497c07e084", element="D035F8112528A4F83B4FCB4F1EA322D5_element_37")&gt;</var>
<kw name="Get Element Attribute" library="RPA.Browser.Selenium">
<var>${forecast_title}</var>
<arg>${forecast_element}</arg>
<arg>title</arg>
<doc>Returns the value of ``attribute`` from the element ``locator``.</doc>
<msg timestamp="20240312 01:25:14.866" level="INFO">${forecast_title} = 多雲短暫雨</msg>
<status status="PASS" starttime="20240312 01:25:14.856" endtime="20240312 01:25:14.866"/>
</kw>
<kw name="Append To List" library="Collections">
<arg>${forecast_list}</arg>
<arg>${forecast_title}</arg>
<doc>Adds ``values`` to the end of ``list``.</doc>
<status status="PASS" starttime="20240312 01:25:14.866" endtime="20240312 01:25:14.866"/>
</kw>
<status status="PASS" starttime="20240312 01:25:14.855" endtime="20240312 01:25:14.866"/>
</iter>
<iter>
<var name="${forecast_element}">&lt;selenium.webdriver.remote.webelement.WebElement (session="18d69c19ed04ca70ef9783497c07e084", element="D035F8112528A4F83B4FCB4F1EA322D5_element_39")&gt;</var>
<kw name="Get Element Attribute" library="RPA.Browser.Selenium">
<var>${forecast_title}</var>
<arg>${forecast_element}</arg>
<arg>title</arg>
<doc>Returns the value of ``attribute`` from the element ``locator``.</doc>
<msg timestamp="20240312 01:25:14.875" level="INFO">${forecast_title} = 多雲短暫雨</msg>
<status status="PASS" starttime="20240312 01:25:14.866" endtime="20240312 01:25:14.875"/>
</kw>
<kw name="Append To List" library="Collections">
<arg>${forecast_list}</arg>
<arg>${forecast_title}</arg>
<doc>Adds ``values`` to the end of ``list``.</doc>
<status status="PASS" starttime="20240312 01:25:14.875" endtime="20240312 01:25:14.876"/>
</kw>
<status status="PASS" starttime="20240312 01:25:14.866" endtime="20240312 01:25:14.876"/>
</iter>
<iter>
<var name="${forecast_element}">&lt;selenium.webdriver.remote.webelement.WebElement (session="18d69c19ed04ca70ef9783497c07e084", element="D035F8112528A4F83B4FCB4F1EA322D5_element_40")&gt;</var>
<kw name="Get Element Attribute" library="RPA.Browser.Selenium">
<var>${forecast_title}</var>
<arg>${forecast_element}</arg>
<arg>title</arg>
<doc>Returns the value of ``attribute`` from the element ``locator``.</doc>
<msg timestamp="20240312 01:25:14.885" level="INFO">${forecast_title} = 多雲短暫雨</msg>
<status status="PASS" starttime="20240312 01:25:14.876" endtime="20240312 01:25:14.885"/>
</kw>
<kw name="Append To List" library="Collections">
<arg>${forecast_list}</arg>
<arg>${forecast_title}</arg>
<doc>Adds ``values`` to the end of ``list``.</doc>
<status status="PASS" starttime="20240312 01:25:14.885" endtime="20240312 01:25:14.885"/>
</kw>
<status status="PASS" starttime="20240312 01:25:14.876" endtime="20240312 01:25:14.885"/>
</iter>
<iter>
<var name="${forecast_element}">&lt;selenium.webdriver.remote.webelement.WebElement (session="18d69c19ed04ca70ef9783497c07e084", element="D035F8112528A4F83B4FCB4F1EA322D5_element_41")&gt;</var>
<kw name="Get Element Attribute" library="RPA.Browser.Selenium">
<var>${forecast_title}</var>
<arg>${forecast_element}</arg>
<arg>title</arg>
<doc>Returns the value of ``attribute`` from the element ``locator``.</doc>
<msg timestamp="20240312 01:25:14.898" level="INFO">${forecast_title} = 陰短暫雨</msg>
<status status="PASS" starttime="20240312 01:25:14.886" endtime="20240312 01:25:14.898"/>
</kw>
<kw name="Append To List" library="Collections">
<arg>${forecast_list}</arg>
<arg>${forecast_title}</arg>
<doc>Adds ``values`` to the end of ``list``.</doc>
<status status="PASS" starttime="20240312 01:25:14.898" endtime="20240312 01:25:14.898"/>
</kw>
<status status="PASS" starttime="20240312 01:25:14.886" endtime="20240312 01:25:14.898"/>
</iter>
<status status="PASS" starttime="20240312 01:25:14.815" endtime="20240312 01:25:14.898"/>
</for>
<msg timestamp="20240312 01:25:14.898" level="INFO">${forecast_list} = ['晴時多雲', '晴時多雲', '多雲', '多雲短暫雨', '多雲短暫雨', '多雲短暫雨', '陰短暫雨']</msg>
<status status="PASS" starttime="20240312 01:25:14.801" endtime="20240312 01:25:14.898"/>
</kw>
<kw name="Log" library="BuiltIn">
<arg>${forecast_list}</arg>
<doc>Logs the given message with the given level.</doc>
<msg timestamp="20240312 01:25:14.899" level="INFO">['晴時多雲', '晴時多雲', '多雲', '多雲短暫雨', '多雲短暫雨', '多雲短暫雨', '陰短暫雨']</msg>
<status status="PASS" starttime="20240312 01:25:14.899" endtime="20240312 01:25:14.899"/>
</kw>
<kw name="Collect Temp">
<var>${temp_list}</var>
<kw name="Set Variable" library="BuiltIn">
<var>${temp_locator}</var>
<arg>//tr[@class='day']//p[@class='text-center']</arg>
<doc>Returns the given values which can then be assigned to a variables.</doc>
<msg timestamp="20240312 01:25:14.900" level="INFO">${temp_locator} = //tr[@class='day']//p[@class='text-center']</msg>
<status status="PASS" starttime="20240312 01:25:14.899" endtime="20240312 01:25:14.900"/>
</kw>
<kw name="Get WebElements" library="RPA.Browser.Selenium">
<var>${temp_elements}</var>
<arg>${temp_locator}</arg>
<doc>Returns a list of WebElement objects matching the ``locator``.</doc>
<msg timestamp="20240312 01:25:14.913" level="INFO">${temp_elements} = [&lt;selenium.webdriver.remote.webelement.WebElement (session="18d69c19ed04ca70ef9783497c07e084", element="D035F8112528A4F83B4FCB4F1EA322D5_element_103")&gt;, &lt;selenium.webdriver.remote.webelement.WebElemen...</msg>
<status status="PASS" starttime="20240312 01:25:14.900" endtime="20240312 01:25:14.913"/>
</kw>
<kw name="Create List" library="BuiltIn">
<var>${temp_list}</var>
<doc>Returns a list containing given items.</doc>
<msg timestamp="20240312 01:25:14.914" level="INFO">${temp_list} = []</msg>
<status status="PASS" starttime="20240312 01:25:14.913" endtime="20240312 01:25:14.914"/>
</kw>
<for flavor="IN">
<var>${temp_element}</var>
<value>@{temp_elements}</value>
<iter>
<var name="${temp_element}">&lt;selenium.webdriver.remote.webelement.WebElement (session="18d69c19ed04ca70ef9783497c07e084", element="D035F8112528A4F83B4FCB4F1EA322D5_element_103")&gt;</var>
<kw name="Get Text" library="RPA.Browser.Selenium">
<var>${temp_text}</var>
<arg>${temp_element}</arg>
<doc>Returns the text value of the element identified by ``locator``.</doc>
<msg timestamp="20240312 01:25:14.923" level="INFO">${temp_text} = 14 - 21</msg>
<status status="PASS" starttime="20240312 01:25:14.914" endtime="20240312 01:25:14.923"/>
</kw>
<kw name="Append To List" library="Collections">
<arg>${temp_list}</arg>
<arg>${temp_text}</arg>
<doc>Adds ``values`` to the end of ``list``.</doc>
<status status="PASS" starttime="20240312 01:25:14.924" endtime="20240312 01:25:14.924"/>
</kw>
<status status="PASS" starttime="20240312 01:25:14.914" endtime="20240312 01:25:14.924"/>
</iter>
<iter>
<var name="${temp_element}">&lt;selenium.webdriver.remote.webelement.WebElement (session="18d69c19ed04ca70ef9783497c07e084", element="D035F8112528A4F83B4FCB4F1EA322D5_element_104")&gt;</var>
<kw name="Get Text" library="RPA.Browser.Selenium">
<var>${temp_text}</var>
<arg>${temp_element}</arg>
<doc>Returns the text value of the element identified by ``locator``.</doc>
<msg timestamp="20240312 01:25:14.936" level="INFO">${temp_text} = 13 - 19</msg>
<status status="PASS" starttime="20240312 01:25:14.925" endtime="20240312 01:25:14.936"/>
</kw>
<kw name="Append To List" library="Collections">
<arg>${temp_list}</arg>
<arg>${temp_text}</arg>
<doc>Adds ``values`` to the end of ``list``.</doc>
<status status="PASS" starttime="20240312 01:25:14.936" endtime="20240312 01:25:14.936"/>
</kw>
<status status="PASS" starttime="20240312 01:25:14.924" endtime="20240312 01:25:14.936"/>
</iter>
<iter>
<var name="${temp_element}">&lt;selenium.webdriver.remote.webelement.WebElement (session="18d69c19ed04ca70ef9783497c07e084", element="D035F8112528A4F83B4FCB4F1EA322D5_element_105")&gt;</var>
<kw name="Get Text" library="RPA.Browser.Selenium">
<var>${temp_text}</var>
<arg>${temp_element}</arg>
<doc>Returns the text value of the element identified by ``locator``.</doc>
<msg timestamp="20240312 01:25:14.946" level="INFO">${temp_text} = 14 - 23</msg>
<status status="PASS" starttime="20240312 01:25:14.936" endtime="20240312 01:25:14.946"/>
</kw>
<kw name="Append To List" library="Collections">
<arg>${temp_list}</arg>
<arg>${temp_text}</arg>
<doc>Adds ``values`` to the end of ``list``.</doc>
<status status="PASS" starttime="20240312 01:25:14.946" endtime="20240312 01:25:14.946"/>
</kw>
<status status="PASS" starttime="20240312 01:25:14.936" endtime="20240312 01:25:14.946"/>
</iter>
<iter>
<var name="${temp_element}">&lt;selenium.webdriver.remote.webelement.WebElement (session="18d69c19ed04ca70ef9783497c07e084", element="D035F8112528A4F83B4FCB4F1EA322D5_element_106")&gt;</var>
<kw name="Get Text" library="RPA.Browser.Selenium">
<var>${temp_text}</var>
<arg>${temp_element}</arg>
<doc>Returns the text value of the element identified by ``locator``.</doc>
<msg timestamp="20240312 01:25:14.954" level="INFO">${temp_text} = 14 - 23</msg>
<status status="PASS" starttime="20240312 01:25:14.946" endtime="20240312 01:25:14.954"/>
</kw>
<kw name="Append To List" library="Collections">
<arg>${temp_list}</arg>
<arg>${temp_text}</arg>
<doc>Adds ``values`` to the end of ``list``.</doc>
<status status="PASS" starttime="20240312 01:25:14.954" endtime="20240312 01:25:14.955"/>
</kw>
<status status="PASS" starttime="20240312 01:25:14.946" endtime="20240312 01:25:14.955"/>
</iter>
<iter>
<var name="${temp_element}">&lt;selenium.webdriver.remote.webelement.WebElement (session="18d69c19ed04ca70ef9783497c07e084", element="D035F8112528A4F83B4FCB4F1EA322D5_element_107")&gt;</var>
<kw name="Get Text" library="RPA.Browser.Selenium">
<var>${temp_text}</var>
<arg>${temp_element}</arg>
<doc>Returns the text value of the element identified by ``locator``.</doc>
<msg timestamp="20240312 01:25:14.965" level="INFO">${temp_text} = 15 - 23</msg>
<status status="PASS" starttime="20240312 01:25:14.955" endtime="20240312 01:25:14.966"/>
</kw>
<kw name="Append To List" library="Collections">
<arg>${temp_list}</arg>
<arg>${temp_text}</arg>
<doc>Adds ``values`` to the end of ``list``.</doc>
<status status="PASS" starttime="20240312 01:25:14.966" endtime="20240312 01:25:14.966"/>
</kw>
<status status="PASS" starttime="20240312 01:25:14.955" endtime="20240312 01:25:14.966"/>
</iter>
<iter>
<var name="${temp_element}">&lt;selenium.webdriver.remote.webelement.WebElement (session="18d69c19ed04ca70ef9783497c07e084", element="D035F8112528A4F83B4FCB4F1EA322D5_element_108")&gt;</var>
<kw name="Get Text" library="RPA.Browser.Selenium">
<var>${temp_text}</var>
<arg>${temp_element}</arg>
<doc>Returns the text value of the element identified by ``locator``.</doc>
<msg timestamp="20240312 01:25:14.975" level="INFO">${temp_text} = 15 - 23</msg>
<status status="PASS" starttime="20240312 01:25:14.966" endtime="20240312 01:25:14.975"/>
</kw>
<kw name="Append To List" library="Collections">
<arg>${temp_list}</arg>
<arg>${temp_text}</arg>
<doc>Adds ``values`` to the end of ``list``.</doc>
<status status="PASS" starttime="20240312 01:25:14.975" endtime="20240312 01:25:14.975"/>
</kw>
<status status="PASS" starttime="20240312 01:25:14.966" endtime="20240312 01:25:14.975"/>
</iter>
<iter>
<var name="${temp_element}">&lt;selenium.webdriver.remote.webelement.WebElement (session="18d69c19ed04ca70ef9783497c07e084", element="D035F8112528A4F83B4FCB4F1EA322D5_element_109")&gt;</var>
<kw name="Get Text" library="RPA.Browser.Selenium">
<var>${temp_text}</var>
<arg>${temp_element}</arg>
<doc>Returns the text value of the element identified by ``locator``.</doc>
<msg timestamp="20240312 01:25:14.983" level="INFO">${temp_text} = 15 - 18</msg>
<status status="PASS" starttime="20240312 01:25:14.975" endtime="20240312 01:25:14.983"/>
</kw>
<kw name="Append To List" library="Collections">
<arg>${temp_list}</arg>
<arg>${temp_text}</arg>
<doc>Adds ``values`` to the end of ``list``.</doc>
<status status="PASS" starttime="20240312 01:25:14.984" endtime="20240312 01:25:14.984"/>
</kw>
<status status="PASS" starttime="20240312 01:25:14.975" endtime="20240312 01:25:14.984"/>
</iter>
<status status="PASS" starttime="20240312 01:25:14.914" endtime="20240312 01:25:14.984"/>
</for>
<msg timestamp="20240312 01:25:14.984" level="INFO">${temp_list} = ['14 - 21', '13 - 19', '14 - 23', '14 - 23', '15 - 23', '15 - 23', '15 - 18']</msg>
<status status="PASS" starttime="20240312 01:25:14.899" endtime="20240312 01:25:14.984"/>
</kw>
<kw name="Log" library="BuiltIn">
<arg>${temp_list}</arg>
<doc>Logs the given message with the given level.</doc>
<msg timestamp="20240312 01:25:14.984" level="INFO">['14 - 21', '13 - 19', '14 - 23', '14 - 23', '15 - 23', '15 - 23', '15 - 18']</msg>
<status status="PASS" starttime="20240312 01:25:14.984" endtime="20240312 01:25:14.984"/>
</kw>
<kw name="Run Keyword And Ignore Error" library="BuiltIn">
<arg>Create Excel</arg>
<arg>/result1.xlsx</arg>
<arg>${date_list}</arg>
<arg>${forecast_list}</arg>
<arg>${temp_list}</arg>
<doc>Runs the given keyword with the given arguments and ignores possible error.</doc>
<kw name="Create Excel">
<arg>/result1.xlsx</arg>
<arg>${date_list}</arg>
<arg>${forecast_list}</arg>
<arg>${temp_list}</arg>
<kw name="Create Workbook" library="RPA.Excel.Files">
<arg>${file_name}</arg>
<doc>Create and open a new Excel workbook.</doc>
<status status="PASS" starttime="20240312 01:25:14.986" endtime="20240312 01:25:14.988"/>
</kw>
<kw name="Set Worksheet Value" library="RPA.Excel.Files">
<arg>1</arg>
<arg>1</arg>
<arg>日期</arg>
<doc>Alias for keyword ``Set cell value``, see the original keyword
for documentation.</doc>
<status status="PASS" starttime="20240312 01:25:14.988" endtime="20240312 01:25:14.988"/>
</kw>
<kw name="Set Worksheet Value" library="RPA.Excel.Files">
<arg>1</arg>
<arg>2</arg>
<arg>預報</arg>
<doc>Alias for keyword ``Set cell value``, see the original keyword
for documentation.</doc>
<status status="PASS" starttime="20240312 01:25:14.989" endtime="20240312 01:25:14.989"/>
</kw>
<kw name="Set Worksheet Value" library="RPA.Excel.Files">
<arg>1</arg>
<arg>3</arg>
<arg>氣溫</arg>
<doc>Alias for keyword ``Set cell value``, see the original keyword
for documentation.</doc>
<status status="PASS" starttime="20240312 01:25:14.989" endtime="20240312 01:25:14.990"/>
</kw>
<kw name="Create Dictionary" library="BuiltIn">
<var>${table}</var>
<arg>日期=${header}</arg>
<arg>預報=${signals}</arg>
<arg>氣溫=${body}</arg>
<doc>Creates and returns a dictionary based on the given ``items``.</doc>
<msg timestamp="20240312 01:25:14.990" level="INFO">${table} = {'日期': ['03/12\n星期二', '03/13\n星期三', '03/14\n星期四', '03/15\n星期五', '03/16\n星期六', '03/17\n星期日', '03/18\n星期一'], '預報': ['晴時多雲', '晴時多雲', '多雲', '多雲短暫雨', '多雲短暫雨', '多雲短暫雨', '陰短暫雨'], '氣溫': ['14 - 21', '13 - 19',...</msg>
<status status="PASS" starttime="20240312 01:25:14.990" endtime="20240312 01:25:14.990"/>
</kw>
<kw name="Append Rows To Worksheet" library="RPA.Excel.Files">
<arg>${table}</arg>
<doc>Append values to the end of the worksheet.</doc>
<status status="PASS" starttime="20240312 01:25:14.990" endtime="20240312 01:25:14.991"/>
</kw>
<kw name="Save Workbook" library="RPA.Excel.Files">
<doc>Save the active workbook.</doc>
<status status="PASS" starttime="20240312 01:25:14.991" endtime="20240312 01:25:14.998"/>
</kw>
<kw name="Close Workbook" library="RPA.Excel.Files">
<doc>Close the active workbook.</doc>
<msg timestamp="20240312 01:25:14.999" level="INFO">Closing workbook: &lt;RPA.Excel.Files.XlsxWorkbook object at 0x7f806b03cf70&gt;</msg>
<status status="PASS" starttime="20240312 01:25:14.998" endtime="20240312 01:25:14.999"/>
</kw>
<status status="PASS" starttime="20240312 01:25:14.985" endtime="20240312 01:25:14.999"/>
</kw>
<status status="PASS" starttime="20240312 01:25:14.985" endtime="20240312 01:25:14.999"/>
</kw>
<kw name="Run Keyword And Ignore Error" library="BuiltIn">
<arg>Create Excel</arg>
<arg>/result/result1.xlsx</arg>
<arg>${date_list}</arg>
<arg>${forecast_list}</arg>
<arg>${temp_list}</arg>
<doc>Runs the given keyword with the given arguments and ignores possible error.</doc>
<kw name="Create Excel">
<arg>/result/result1.xlsx</arg>
<arg>${date_list}</arg>
<arg>${forecast_list}</arg>
<arg>${temp_list}</arg>
<kw name="Create Workbook" library="RPA.Excel.Files">
<arg>${file_name}</arg>
<doc>Create and open a new Excel workbook.</doc>
<status status="PASS" starttime="20240312 01:25:15.000" endtime="20240312 01:25:15.002"/>
</kw>
<kw name="Set Worksheet Value" library="RPA.Excel.Files">
<arg>1</arg>
<arg>1</arg>
<arg>日期</arg>
<doc>Alias for keyword ``Set cell value``, see the original keyword
for documentation.</doc>
<status status="PASS" starttime="20240312 01:25:15.002" endtime="20240312 01:25:15.002"/>
</kw>
<kw name="Set Worksheet Value" library="RPA.Excel.Files">
<arg>1</arg>
<arg>2</arg>
<arg>預報</arg>
<doc>Alias for keyword ``Set cell value``, see the original keyword
for documentation.</doc>
<status status="PASS" starttime="20240312 01:25:15.002" endtime="20240312 01:25:15.003"/>
</kw>
<kw name="Set Worksheet Value" library="RPA.Excel.Files">
<arg>1</arg>
<arg>3</arg>
<arg>氣溫</arg>
<doc>Alias for keyword ``Set cell value``, see the original keyword
for documentation.</doc>
<status status="PASS" starttime="20240312 01:25:15.003" endtime="20240312 01:25:15.003"/>
</kw>
<kw name="Create Dictionary" library="BuiltIn">
<var>${table}</var>
<arg>日期=${header}</arg>
<arg>預報=${signals}</arg>
<arg>氣溫=${body}</arg>
<doc>Creates and returns a dictionary based on the given ``items``.</doc>
<msg timestamp="20240312 01:25:15.004" level="INFO">${table} = {'日期': ['03/12\n星期二', '03/13\n星期三', '03/14\n星期四', '03/15\n星期五', '03/16\n星期六', '03/17\n星期日', '03/18\n星期一'], '預報': ['晴時多雲', '晴時多雲', '多雲', '多雲短暫雨', '多雲短暫雨', '多雲短暫雨', '陰短暫雨'], '氣溫': ['14 - 21', '13 - 19',...</msg>
<status status="PASS" starttime="20240312 01:25:15.004" endtime="20240312 01:25:15.004"/>
</kw>
<kw name="Append Rows To Worksheet" library="RPA.Excel.Files">
<arg>${table}</arg>
<doc>Append values to the end of the worksheet.</doc>
<status status="PASS" starttime="20240312 01:25:15.005" endtime="20240312 01:25:15.005"/>
</kw>
<kw name="Save Workbook" library="RPA.Excel.Files">
<doc>Save the active workbook.</doc>
<msg timestamp="20240312 01:25:15.005" level="FAIL">FileNotFoundError: [Errno 2] No such file or directory: '/result/result1.xlsx'</msg>
<status status="FAIL" starttime="20240312 01:25:15.005" endtime="20240312 01:25:15.011"/>
</kw>
<kw name="Close Workbook" library="RPA.Excel.Files">
<doc>Close the active workbook.</doc>
<status status="NOT RUN" starttime="20240312 01:25:15.011" endtime="20240312 01:25:15.011"/>
</kw>
<status status="FAIL" starttime="20240312 01:25:14.999" endtime="20240312 01:25:15.011"/>
</kw>
<status status="PASS" starttime="20240312 01:25:14.999" endtime="20240312 01:25:15.012"/>
</kw>
<kw name="Capture Page Screenshot" library="RPA.Browser.Selenium">
<arg>test.png</arg>
<doc>Takes a screenshot of the current page and embeds it into a log file.</doc>
<msg timestamp="20240312 01:25:15.149" level="INFO" html="true">&lt;/td&gt;&lt;/tr&gt;&lt;tr&gt;&lt;td colspan="3"&gt;&lt;a href="test.png"&gt;&lt;img src="test.png" width="800px"&gt;&lt;/a&gt;</msg>
<status status="PASS" starttime="20240312 01:25:15.012" endtime="20240312 01:25:15.149"/>
</kw>
<status status="PASS" starttime="20240312 01:25:11.654" endtime="20240312 01:25:15.149"/>
</test>
<doc>Generate NEWS Title</doc>
<status status="PASS" starttime="20240312 01:25:10.778" endtime="20240312 01:25:15.150"/>
</suite>
<status status="PASS" starttime="20240312 01:25:10.753" endtime="20240312 01:25:15.152"/>
</suite>
<statistics>
<total>
<stat pass="1" fail="0" skip="0">All Tasks</stat>
</total>
<tag>
</tag>
<suite>
<stat pass="1" fail="0" skip="0" id="s1" name="Tests">Tests</stat>
<stat pass="1" fail="0" skip="0" id="s1-s1" name="Tasks">Tests.Tasks</stat>
</suite>
</statistics>
<errors>
</errors>
</robot>
