<?xml version="1.0" encoding="UTF-8"?>
<robot generator="Robot 6.1.1 (Python 3.8.18 on linux)" generated="20231227 02:33:31.228" rpa="true" schemaversion="4">
<suite id="s1" name="Tests" source="/1205/tests">
<suite id="s1-s1" name="Tasks" source="/1205/tests/tasks.robot">
<test id="s1-s1-t1" name="Weather Prediction" line="19">
<kw name="Open Website">
<kw name="Open Available Browser" library="RPA.Browser.Selenium">
<arg>https://www.cwb.gov.tw/V8/C/W/County/County.html?CID=63</arg>
<doc>Attempts to open a browser on the user's device from a set of
supported browsers. Automatically downloads a corresponding webdriver
if none is already installed.</doc>
<msg timestamp="20231227 02:33:31.778" level="INFO">Auto-detected headless environment!</msg>
<msg timestamp="20231227 02:33:31.881" level="INFO">Webdriver version taken into use: ChromeDriver 120.0.6099.71 (9729082fe6174c0a371fc66501f5efc5d69d3d2b-refs/branch-heads/6099_56@{#13})
</msg>
<msg timestamp="20231227 02:33:31.881" level="INFO">Creating an instance of the Chrome WebDriver.</msg>
<msg timestamp="20231227 02:33:32.568" level="INFO">Created Chrome browser (version 120.0.6099) with arguments: --headless=new --disable-gpu --window-size=1440,900 --disable-dev-shm-usage --disable-web-security --allow-running-insecure-content --no-sandbox</msg>
<msg timestamp="20231227 02:33:32.568" level="INFO" html="true">&lt;p&gt;Attempted combinations:&lt;/p&gt;&lt;div class="doc"&gt;&lt;table&gt;&lt;tr&gt;&lt;th&gt;Browser&lt;/th&gt;&lt;th&gt;Download&lt;/th&gt;&lt;th&gt;Error&lt;/th&gt;&lt;/tr&gt;&lt;tr&gt;&lt;td&gt;Chrome&lt;/td&gt;&lt;td&gt;False&lt;/td&gt;&lt;td&gt;&lt;/td&gt;&lt;/tr&gt;&lt;/table&gt;&lt;/div&gt;</msg>
<msg timestamp="20231227 02:33:32.568" level="INFO">Opening url 'https://www.cwb.gov.tw/V8/C/W/County/County.html?CID=63'</msg>
<status status="PASS" starttime="20231227 02:33:31.777" endtime="20231227 02:33:34.043"/>
</kw>
<status status="PASS" starttime="20231227 02:33:31.776" endtime="20231227 02:33:34.044"/>
</kw>
<kw name="Collect Date">
<var>${date_list}</var>
<kw name="Set Variable" library="BuiltIn">
<var>${date_locator}</var>
<arg>//th[@scope='col']</arg>
<doc>Returns the given values which can then be assigned to a variables.</doc>
<msg timestamp="20231227 02:33:34.045" level="INFO">${date_locator} = //th[@scope='col']</msg>
<status status="PASS" starttime="20231227 02:33:34.045" endtime="20231227 02:33:34.045"/>
</kw>
<kw name="Get WebElements" library="RPA.Browser.Selenium">
<var>${date_elements}</var>
<arg>${date_locator}</arg>
<doc>Returns a list of WebElement objects matching the ``locator``.</doc>
<msg timestamp="20231227 02:33:34.116" level="INFO">${date_elements} = [&lt;selenium.webdriver.remote.webelement.WebElement (session="0fde1ddaf6cfe0c032a9d5c104ce2e52", element="5D2C44ADC6DA212618119E30C6A484EA_element_83")&gt;, &lt;selenium.webdriver.remote.webelement.WebElement...</msg>
<status status="PASS" starttime="20231227 02:33:34.045" endtime="20231227 02:33:34.116"/>
</kw>
<kw name="Create List" library="BuiltIn">
<var>${date_list}</var>
<doc>Returns a list containing given items.</doc>
<msg timestamp="20231227 02:33:34.116" level="INFO">${date_list} = []</msg>
<status status="PASS" starttime="20231227 02:33:34.116" endtime="20231227 02:33:34.116"/>
</kw>
<for flavor="IN">
<var>${element}</var>
<value>@{date_elements}</value>
<iter>
<var name="${element}">&lt;selenium.webdriver.remote.webelement.WebElement (session="0fde1ddaf6cfe0c032a9d5c104ce2e52", element="5D2C44ADC6DA212618119E30C6A484EA_element_83")&gt;</var>
<kw name="Get Text" library="RPA.Browser.Selenium">
<var>${date_text}</var>
<arg>${element}</arg>
<doc>Returns the text value of the element identified by ``locator``.</doc>
<msg timestamp="20231227 02:33:34.131" level="INFO">${date_text} = 12/27
星期三</msg>
<status status="PASS" starttime="20231227 02:33:34.117" endtime="20231227 02:33:34.131"/>
</kw>
<kw name="Append To List" library="Collections">
<arg>${date_list}</arg>
<arg>${date_text}</arg>
<doc>Adds ``values`` to the end of ``list``.</doc>
<status status="PASS" starttime="20231227 02:33:34.131" endtime="20231227 02:33:34.131"/>
</kw>
<status status="PASS" starttime="20231227 02:33:34.117" endtime="20231227 02:33:34.132"/>
</iter>
<iter>
<var name="${element}">&lt;selenium.webdriver.remote.webelement.WebElement (session="0fde1ddaf6cfe0c032a9d5c104ce2e52", element="5D2C44ADC6DA212618119E30C6A484EA_element_84")&gt;</var>
<kw name="Get Text" library="RPA.Browser.Selenium">
<var>${date_text}</var>
<arg>${element}</arg>
<doc>Returns the text value of the element identified by ``locator``.</doc>
<msg timestamp="20231227 02:33:34.141" level="INFO">${date_text} = 12/28
星期四</msg>
<status status="PASS" starttime="20231227 02:33:34.132" endtime="20231227 02:33:34.141"/>
</kw>
<kw name="Append To List" library="Collections">
<arg>${date_list}</arg>
<arg>${date_text}</arg>
<doc>Adds ``values`` to the end of ``list``.</doc>
<status status="PASS" starttime="20231227 02:33:34.141" endtime="20231227 02:33:34.141"/>
</kw>
<status status="PASS" starttime="20231227 02:33:34.132" endtime="20231227 02:33:34.141"/>
</iter>
<iter>
<var name="${element}">&lt;selenium.webdriver.remote.webelement.WebElement (session="0fde1ddaf6cfe0c032a9d5c104ce2e52", element="5D2C44ADC6DA212618119E30C6A484EA_element_85")&gt;</var>
<kw name="Get Text" library="RPA.Browser.Selenium">
<var>${date_text}</var>
<arg>${element}</arg>
<doc>Returns the text value of the element identified by ``locator``.</doc>
<msg timestamp="20231227 02:33:34.149" level="INFO">${date_text} = 12/29
星期五</msg>
<status status="PASS" starttime="20231227 02:33:34.141" endtime="20231227 02:33:34.149"/>
</kw>
<kw name="Append To List" library="Collections">
<arg>${date_list}</arg>
<arg>${date_text}</arg>
<doc>Adds ``values`` to the end of ``list``.</doc>
<status status="PASS" starttime="20231227 02:33:34.149" endtime="20231227 02:33:34.150"/>
</kw>
<status status="PASS" starttime="20231227 02:33:34.141" endtime="20231227 02:33:34.150"/>
</iter>
<iter>
<var name="${element}">&lt;selenium.webdriver.remote.webelement.WebElement (session="0fde1ddaf6cfe0c032a9d5c104ce2e52", element="5D2C44ADC6DA212618119E30C6A484EA_element_86")&gt;</var>
<kw name="Get Text" library="RPA.Browser.Selenium">
<var>${date_text}</var>
<arg>${element}</arg>
<doc>Returns the text value of the element identified by ``locator``.</doc>
<msg timestamp="20231227 02:33:34.157" level="INFO">${date_text} = 12/30
星期六</msg>
<status status="PASS" starttime="20231227 02:33:34.150" endtime="20231227 02:33:34.157"/>
</kw>
<kw name="Append To List" library="Collections">
<arg>${date_list}</arg>
<arg>${date_text}</arg>
<doc>Adds ``values`` to the end of ``list``.</doc>
<status status="PASS" starttime="20231227 02:33:34.157" endtime="20231227 02:33:34.158"/>
</kw>
<status status="PASS" starttime="20231227 02:33:34.150" endtime="20231227 02:33:34.158"/>
</iter>
<iter>
<var name="${element}">&lt;selenium.webdriver.remote.webelement.WebElement (session="0fde1ddaf6cfe0c032a9d5c104ce2e52", element="5D2C44ADC6DA212618119E30C6A484EA_element_87")&gt;</var>
<kw name="Get Text" library="RPA.Browser.Selenium">
<var>${date_text}</var>
<arg>${element}</arg>
<doc>Returns the text value of the element identified by ``locator``.</doc>
<msg timestamp="20231227 02:33:34.165" level="INFO">${date_text} = 12/31
星期日</msg>
<status status="PASS" starttime="20231227 02:33:34.158" endtime="20231227 02:33:34.165"/>
</kw>
<kw name="Append To List" library="Collections">
<arg>${date_list}</arg>
<arg>${date_text}</arg>
<doc>Adds ``values`` to the end of ``list``.</doc>
<status status="PASS" starttime="20231227 02:33:34.165" endtime="20231227 02:33:34.166"/>
</kw>
<status status="PASS" starttime="20231227 02:33:34.158" endtime="20231227 02:33:34.166"/>
</iter>
<iter>
<var name="${element}">&lt;selenium.webdriver.remote.webelement.WebElement (session="0fde1ddaf6cfe0c032a9d5c104ce2e52", element="5D2C44ADC6DA212618119E30C6A484EA_element_88")&gt;</var>
<kw name="Get Text" library="RPA.Browser.Selenium">
<var>${date_text}</var>
<arg>${element}</arg>
<doc>Returns the text value of the element identified by ``locator``.</doc>
<msg timestamp="20231227 02:33:34.176" level="INFO">${date_text} = 01/01
星期一</msg>
<status status="PASS" starttime="20231227 02:33:34.166" endtime="20231227 02:33:34.176"/>
</kw>
<kw name="Append To List" library="Collections">
<arg>${date_list}</arg>
<arg>${date_text}</arg>
<doc>Adds ``values`` to the end of ``list``.</doc>
<status status="PASS" starttime="20231227 02:33:34.176" endtime="20231227 02:33:34.176"/>
</kw>
<status status="PASS" starttime="20231227 02:33:34.166" endtime="20231227 02:33:34.176"/>
</iter>
<iter>
<var name="${element}">&lt;selenium.webdriver.remote.webelement.WebElement (session="0fde1ddaf6cfe0c032a9d5c104ce2e52", element="5D2C44ADC6DA212618119E30C6A484EA_element_89")&gt;</var>
<kw name="Get Text" library="RPA.Browser.Selenium">
<var>${date_text}</var>
<arg>${element}</arg>
<doc>Returns the text value of the element identified by ``locator``.</doc>
<msg timestamp="20231227 02:33:34.184" level="INFO">${date_text} = 01/02
星期二</msg>
<status status="PASS" starttime="20231227 02:33:34.176" endtime="20231227 02:33:34.184"/>
</kw>
<kw name="Append To List" library="Collections">
<arg>${date_list}</arg>
<arg>${date_text}</arg>
<doc>Adds ``values`` to the end of ``list``.</doc>
<status status="PASS" starttime="20231227 02:33:34.184" endtime="20231227 02:33:34.184"/>
</kw>
<status status="PASS" starttime="20231227 02:33:34.176" endtime="20231227 02:33:34.184"/>
</iter>
<status status="PASS" starttime="20231227 02:33:34.116" endtime="20231227 02:33:34.185"/>
</for>
<msg timestamp="20231227 02:33:34.185" level="INFO">${date_list} = ['12/27\n星期三', '12/28\n星期四', '12/29\n星期五', '12/30\n星期六', '12/31\n星期日', '01/01\n星期一', '01/02\n星期二']</msg>
<status status="PASS" starttime="20231227 02:33:34.044" endtime="20231227 02:33:34.185"/>
</kw>
<kw name="Log" library="BuiltIn">
<arg>${date_list}</arg>
<doc>Logs the given message with the given level.</doc>
<msg timestamp="20231227 02:33:34.185" level="INFO">['12/27\n星期三', '12/28\n星期四', '12/29\n星期五', '12/30\n星期六', '12/31\n星期日', '01/01\n星期一', '01/02\n星期二']</msg>
<status status="PASS" starttime="20231227 02:33:34.185" endtime="20231227 02:33:34.185"/>
</kw>
<kw name="Collect Forecast">
<var>${forecast_list}</var>
<kw name="Set Variable" library="BuiltIn">
<var>${forecast_locator}</var>
<arg>//tr[@class='day']//span[@class='signal']/img</arg>
<doc>Returns the given values which can then be assigned to a variables.</doc>
<msg timestamp="20231227 02:33:34.186" level="INFO">${forecast_locator} = //tr[@class='day']//span[@class='signal']/img</msg>
<status status="PASS" starttime="20231227 02:33:34.186" endtime="20231227 02:33:34.186"/>
</kw>
<kw name="Get WebElements" library="RPA.Browser.Selenium">
<var>${forecast_elements}</var>
<arg>${forecast_locator}</arg>
<doc>Returns a list of WebElement objects matching the ``locator``.</doc>
<msg timestamp="20231227 02:33:34.197" level="INFO">${forecast_elements} = [&lt;selenium.webdriver.remote.webelement.WebElement (session="0fde1ddaf6cfe0c032a9d5c104ce2e52", element="5D2C44ADC6DA212618119E30C6A484EA_element_38")&gt;, &lt;selenium.webdriver.remote.webelement.WebElement...</msg>
<status status="PASS" starttime="20231227 02:33:34.186" endtime="20231227 02:33:34.197"/>
</kw>
<kw name="Create List" library="BuiltIn">
<var>${forecast_list}</var>
<doc>Returns a list containing given items.</doc>
<msg timestamp="20231227 02:33:34.198" level="INFO">${forecast_list} = []</msg>
<status status="PASS" starttime="20231227 02:33:34.198" endtime="20231227 02:33:34.198"/>
</kw>
<for flavor="IN">
<var>${forecast_element}</var>
<value>@{forecast_elements}</value>
<iter>
<var name="${forecast_element}">&lt;selenium.webdriver.remote.webelement.WebElement (session="0fde1ddaf6cfe0c032a9d5c104ce2e52", element="5D2C44ADC6DA212618119E30C6A484EA_element_38")&gt;</var>
<kw name="Get Element Attribute" library="RPA.Browser.Selenium">
<var>${forecast_title}</var>
<arg>${forecast_element}</arg>
<arg>title</arg>
<doc>Returns the value of ``attribute`` from the element ``locator``.</doc>
<msg timestamp="20231227 02:33:34.211" level="INFO">${forecast_title} = 多雲</msg>
<status status="PASS" starttime="20231227 02:33:34.198" endtime="20231227 02:33:34.211"/>
</kw>
<kw name="Append To List" library="Collections">
<arg>${forecast_list}</arg>
<arg>${forecast_title}</arg>
<doc>Adds ``values`` to the end of ``list``.</doc>
<status status="PASS" starttime="20231227 02:33:34.212" endtime="20231227 02:33:34.212"/>
</kw>
<status status="PASS" starttime="20231227 02:33:34.198" endtime="20231227 02:33:34.212"/>
</iter>
<iter>
<var name="${forecast_element}">&lt;selenium.webdriver.remote.webelement.WebElement (session="0fde1ddaf6cfe0c032a9d5c104ce2e52", element="5D2C44ADC6DA212618119E30C6A484EA_element_39")&gt;</var>
<kw name="Get Element Attribute" library="RPA.Browser.Selenium">
<var>${forecast_title}</var>
<arg>${forecast_element}</arg>
<arg>title</arg>
<doc>Returns the value of ``attribute`` from the element ``locator``.</doc>
<msg timestamp="20231227 02:33:34.224" level="INFO">${forecast_title} = 多雲短暫雨</msg>
<status status="PASS" starttime="20231227 02:33:34.212" endtime="20231227 02:33:34.224"/>
</kw>
<kw name="Append To List" library="Collections">
<arg>${forecast_list}</arg>
<arg>${forecast_title}</arg>
<doc>Adds ``values`` to the end of ``list``.</doc>
<status status="PASS" starttime="20231227 02:33:34.224" endtime="20231227 02:33:34.224"/>
</kw>
<status status="PASS" starttime="20231227 02:33:34.212" endtime="20231227 02:33:34.224"/>
</iter>
<iter>
<var name="${forecast_element}">&lt;selenium.webdriver.remote.webelement.WebElement (session="0fde1ddaf6cfe0c032a9d5c104ce2e52", element="5D2C44ADC6DA212618119E30C6A484EA_element_40")&gt;</var>
<kw name="Get Element Attribute" library="RPA.Browser.Selenium">
<var>${forecast_title}</var>
<arg>${forecast_element}</arg>
<arg>title</arg>
<doc>Returns the value of ``attribute`` from the element ``locator``.</doc>
<msg timestamp="20231227 02:33:34.233" level="INFO">${forecast_title} = 多雲短暫雨</msg>
<status status="PASS" starttime="20231227 02:33:34.225" endtime="20231227 02:33:34.234"/>
</kw>
<kw name="Append To List" library="Collections">
<arg>${forecast_list}</arg>
<arg>${forecast_title}</arg>
<doc>Adds ``values`` to the end of ``list``.</doc>
<status status="PASS" starttime="20231227 02:33:34.234" endtime="20231227 02:33:34.234"/>
</kw>
<status status="PASS" starttime="20231227 02:33:34.225" endtime="20231227 02:33:34.234"/>
</iter>
<iter>
<var name="${forecast_element}">&lt;selenium.webdriver.remote.webelement.WebElement (session="0fde1ddaf6cfe0c032a9d5c104ce2e52", element="5D2C44ADC6DA212618119E30C6A484EA_element_41")&gt;</var>
<kw name="Get Element Attribute" library="RPA.Browser.Selenium">
<var>${forecast_title}</var>
<arg>${forecast_element}</arg>
<arg>title</arg>
<doc>Returns the value of ``attribute`` from the element ``locator``.</doc>
<msg timestamp="20231227 02:33:34.243" level="INFO">${forecast_title} = 多雲</msg>
<status status="PASS" starttime="20231227 02:33:34.235" endtime="20231227 02:33:34.244"/>
</kw>
<kw name="Append To List" library="Collections">
<arg>${forecast_list}</arg>
<arg>${forecast_title}</arg>
<doc>Adds ``values`` to the end of ``list``.</doc>
<status status="PASS" starttime="20231227 02:33:34.244" endtime="20231227 02:33:34.244"/>
</kw>
<status status="PASS" starttime="20231227 02:33:34.234" endtime="20231227 02:33:34.244"/>
</iter>
<iter>
<var name="${forecast_element}">&lt;selenium.webdriver.remote.webelement.WebElement (session="0fde1ddaf6cfe0c032a9d5c104ce2e52", element="5D2C44ADC6DA212618119E30C6A484EA_element_42")&gt;</var>
<kw name="Get Element Attribute" library="RPA.Browser.Selenium">
<var>${forecast_title}</var>
<arg>${forecast_element}</arg>
<arg>title</arg>
<doc>Returns the value of ``attribute`` from the element ``locator``.</doc>
<msg timestamp="20231227 02:33:34.254" level="INFO">${forecast_title} = 晴時多雲</msg>
<status status="PASS" starttime="20231227 02:33:34.244" endtime="20231227 02:33:34.254"/>
</kw>
<kw name="Append To List" library="Collections">
<arg>${forecast_list}</arg>
<arg>${forecast_title}</arg>
<doc>Adds ``values`` to the end of ``list``.</doc>
<status status="PASS" starttime="20231227 02:33:34.254" endtime="20231227 02:33:34.254"/>
</kw>
<status status="PASS" starttime="20231227 02:33:34.244" endtime="20231227 02:33:34.254"/>
</iter>
<iter>
<var name="${forecast_element}">&lt;selenium.webdriver.remote.webelement.WebElement (session="0fde1ddaf6cfe0c032a9d5c104ce2e52", element="5D2C44ADC6DA212618119E30C6A484EA_element_44")&gt;</var>
<kw name="Get Element Attribute" library="RPA.Browser.Selenium">
<var>${forecast_title}</var>
<arg>${forecast_element}</arg>
<arg>title</arg>
<doc>Returns the value of ``attribute`` from the element ``locator``.</doc>
<msg timestamp="20231227 02:33:34.263" level="INFO">${forecast_title} = 多雲</msg>
<status status="PASS" starttime="20231227 02:33:34.255" endtime="20231227 02:33:34.263"/>
</kw>
<kw name="Append To List" library="Collections">
<arg>${forecast_list}</arg>
<arg>${forecast_title}</arg>
<doc>Adds ``values`` to the end of ``list``.</doc>
<status status="PASS" starttime="20231227 02:33:34.263" endtime="20231227 02:33:34.263"/>
</kw>
<status status="PASS" starttime="20231227 02:33:34.255" endtime="20231227 02:33:34.263"/>
</iter>
<iter>
<var name="${forecast_element}">&lt;selenium.webdriver.remote.webelement.WebElement (session="0fde1ddaf6cfe0c032a9d5c104ce2e52", element="5D2C44ADC6DA212618119E30C6A484EA_element_45")&gt;</var>
<kw name="Get Element Attribute" library="RPA.Browser.Selenium">
<var>${forecast_title}</var>
<arg>${forecast_element}</arg>
<arg>title</arg>
<doc>Returns the value of ``attribute`` from the element ``locator``.</doc>
<msg timestamp="20231227 02:33:34.272" level="INFO">${forecast_title} = 晴時多雲</msg>
<status status="PASS" starttime="20231227 02:33:34.263" endtime="20231227 02:33:34.272"/>
</kw>
<kw name="Append To List" library="Collections">
<arg>${forecast_list}</arg>
<arg>${forecast_title}</arg>
<doc>Adds ``values`` to the end of ``list``.</doc>
<status status="PASS" starttime="20231227 02:33:34.272" endtime="20231227 02:33:34.272"/>
</kw>
<status status="PASS" starttime="20231227 02:33:34.263" endtime="20231227 02:33:34.272"/>
</iter>
<status status="PASS" starttime="20231227 02:33:34.198" endtime="20231227 02:33:34.272"/>
</for>
<msg timestamp="20231227 02:33:34.272" level="INFO">${forecast_list} = ['多雲', '多雲短暫雨', '多雲短暫雨', '多雲', '晴時多雲', '多雲', '晴時多雲']</msg>
<status status="PASS" starttime="20231227 02:33:34.185" endtime="20231227 02:33:34.272"/>
</kw>
<kw name="Log" library="BuiltIn">
<arg>${forecast_list}</arg>
<doc>Logs the given message with the given level.</doc>
<msg timestamp="20231227 02:33:34.273" level="INFO">['多雲', '多雲短暫雨', '多雲短暫雨', '多雲', '晴時多雲', '多雲', '晴時多雲']</msg>
<status status="PASS" starttime="20231227 02:33:34.272" endtime="20231227 02:33:34.273"/>
</kw>
<kw name="Collect Temp">
<var>${temp_list}</var>
<kw name="Set Variable" library="BuiltIn">
<var>${temp_locator}</var>
<arg>//tr[@class='day']//p[@class='text-center']</arg>
<doc>Returns the given values which can then be assigned to a variables.</doc>
<msg timestamp="20231227 02:33:34.274" level="INFO">${temp_locator} = //tr[@class='day']//p[@class='text-center']</msg>
<status status="PASS" starttime="20231227 02:33:34.273" endtime="20231227 02:33:34.274"/>
</kw>
<kw name="Get WebElements" library="RPA.Browser.Selenium">
<var>${temp_elements}</var>
<arg>${temp_locator}</arg>
<doc>Returns a list of WebElement objects matching the ``locator``.</doc>
<msg timestamp="20231227 02:33:34.285" level="INFO">${temp_elements} = [&lt;selenium.webdriver.remote.webelement.WebElement (session="0fde1ddaf6cfe0c032a9d5c104ce2e52", element="5D2C44ADC6DA212618119E30C6A484EA_element_92")&gt;, &lt;selenium.webdriver.remote.webelement.WebElement...</msg>
<status status="PASS" starttime="20231227 02:33:34.274" endtime="20231227 02:33:34.285"/>
</kw>
<kw name="Create List" library="BuiltIn">
<var>${temp_list}</var>
<doc>Returns a list containing given items.</doc>
<msg timestamp="20231227 02:33:34.286" level="INFO">${temp_list} = []</msg>
<status status="PASS" starttime="20231227 02:33:34.286" endtime="20231227 02:33:34.286"/>
</kw>
<for flavor="IN">
<var>${temp_element}</var>
<value>@{temp_elements}</value>
<iter>
<var name="${temp_element}">&lt;selenium.webdriver.remote.webelement.WebElement (session="0fde1ddaf6cfe0c032a9d5c104ce2e52", element="5D2C44ADC6DA212618119E30C6A484EA_element_92")&gt;</var>
<kw name="Get Text" library="RPA.Browser.Selenium">
<var>${temp_text}</var>
<arg>${temp_element}</arg>
<doc>Returns the text value of the element identified by ``locator``.</doc>
<msg timestamp="20231227 02:33:34.295" level="INFO">${temp_text} = 15 - 26</msg>
<status status="PASS" starttime="20231227 02:33:34.286" endtime="20231227 02:33:34.295"/>
</kw>
<kw name="Append To List" library="Collections">
<arg>${temp_list}</arg>
<arg>${temp_text}</arg>
<doc>Adds ``values`` to the end of ``list``.</doc>
<status status="PASS" starttime="20231227 02:33:34.295" endtime="20231227 02:33:34.296"/>
</kw>
<status status="PASS" starttime="20231227 02:33:34.286" endtime="20231227 02:33:34.296"/>
</iter>
<iter>
<var name="${temp_element}">&lt;selenium.webdriver.remote.webelement.WebElement (session="0fde1ddaf6cfe0c032a9d5c104ce2e52", element="5D2C44ADC6DA212618119E30C6A484EA_element_93")&gt;</var>
<kw name="Get Text" library="RPA.Browser.Selenium">
<var>${temp_text}</var>
<arg>${temp_element}</arg>
<doc>Returns the text value of the element identified by ``locator``.</doc>
<msg timestamp="20231227 02:33:34.306" level="INFO">${temp_text} = 18 - 22</msg>
<status status="PASS" starttime="20231227 02:33:34.296" endtime="20231227 02:33:34.306"/>
</kw>
<kw name="Append To List" library="Collections">
<arg>${temp_list}</arg>
<arg>${temp_text}</arg>
<doc>Adds ``values`` to the end of ``list``.</doc>
<status status="PASS" starttime="20231227 02:33:34.307" endtime="20231227 02:33:34.307"/>
</kw>
<status status="PASS" starttime="20231227 02:33:34.296" endtime="20231227 02:33:34.307"/>
</iter>
<iter>
<var name="${temp_element}">&lt;selenium.webdriver.remote.webelement.WebElement (session="0fde1ddaf6cfe0c032a9d5c104ce2e52", element="5D2C44ADC6DA212618119E30C6A484EA_element_94")&gt;</var>
<kw name="Get Text" library="RPA.Browser.Selenium">
<var>${temp_text}</var>
<arg>${temp_element}</arg>
<doc>Returns the text value of the element identified by ``locator``.</doc>
<msg timestamp="20231227 02:33:34.316" level="INFO">${temp_text} = 19 - 21</msg>
<status status="PASS" starttime="20231227 02:33:34.307" endtime="20231227 02:33:34.316"/>
</kw>
<kw name="Append To List" library="Collections">
<arg>${temp_list}</arg>
<arg>${temp_text}</arg>
<doc>Adds ``values`` to the end of ``list``.</doc>
<status status="PASS" starttime="20231227 02:33:34.316" endtime="20231227 02:33:34.316"/>
</kw>
<status status="PASS" starttime="20231227 02:33:34.307" endtime="20231227 02:33:34.316"/>
</iter>
<iter>
<var name="${temp_element}">&lt;selenium.webdriver.remote.webelement.WebElement (session="0fde1ddaf6cfe0c032a9d5c104ce2e52", element="5D2C44ADC6DA212618119E30C6A484EA_element_95")&gt;</var>
<kw name="Get Text" library="RPA.Browser.Selenium">
<var>${temp_text}</var>
<arg>${temp_element}</arg>
<doc>Returns the text value of the element identified by ``locator``.</doc>
<msg timestamp="20231227 02:33:34.326" level="INFO">${temp_text} = 19 - 26</msg>
<status status="PASS" starttime="20231227 02:33:34.316" endtime="20231227 02:33:34.326"/>
</kw>
<kw name="Append To List" library="Collections">
<arg>${temp_list}</arg>
<arg>${temp_text}</arg>
<doc>Adds ``values`` to the end of ``list``.</doc>
<status status="PASS" starttime="20231227 02:33:34.326" endtime="20231227 02:33:34.327"/>
</kw>
<status status="PASS" starttime="20231227 02:33:34.316" endtime="20231227 02:33:34.327"/>
</iter>
<iter>
<var name="${temp_element}">&lt;selenium.webdriver.remote.webelement.WebElement (session="0fde1ddaf6cfe0c032a9d5c104ce2e52", element="5D2C44ADC6DA212618119E30C6A484EA_element_96")&gt;</var>
<kw name="Get Text" library="RPA.Browser.Selenium">
<var>${temp_text}</var>
<arg>${temp_element}</arg>
<doc>Returns the text value of the element identified by ``locator``.</doc>
<msg timestamp="20231227 02:33:34.336" level="INFO">${temp_text} = 17 - 20</msg>
<status status="PASS" starttime="20231227 02:33:34.327" endtime="20231227 02:33:34.336"/>
</kw>
<kw name="Append To List" library="Collections">
<arg>${temp_list}</arg>
<arg>${temp_text}</arg>
<doc>Adds ``values`` to the end of ``list``.</doc>
<status status="PASS" starttime="20231227 02:33:34.336" endtime="20231227 02:33:34.336"/>
</kw>
<status status="PASS" starttime="20231227 02:33:34.327" endtime="20231227 02:33:34.336"/>
</iter>
<iter>
<var name="${temp_element}">&lt;selenium.webdriver.remote.webelement.WebElement (session="0fde1ddaf6cfe0c032a9d5c104ce2e52", element="5D2C44ADC6DA212618119E30C6A484EA_element_97")&gt;</var>
<kw name="Get Text" library="RPA.Browser.Selenium">
<var>${temp_text}</var>
<arg>${temp_element}</arg>
<doc>Returns the text value of the element identified by ``locator``.</doc>
<msg timestamp="20231227 02:33:34.345" level="INFO">${temp_text} = 15 - 18</msg>
<status status="PASS" starttime="20231227 02:33:34.337" endtime="20231227 02:33:34.345"/>
</kw>
<kw name="Append To List" library="Collections">
<arg>${temp_list}</arg>
<arg>${temp_text}</arg>
<doc>Adds ``values`` to the end of ``list``.</doc>
<status status="PASS" starttime="20231227 02:33:34.345" endtime="20231227 02:33:34.345"/>
</kw>
<status status="PASS" starttime="20231227 02:33:34.337" endtime="20231227 02:33:34.345"/>
</iter>
<iter>
<var name="${temp_element}">&lt;selenium.webdriver.remote.webelement.WebElement (session="0fde1ddaf6cfe0c032a9d5c104ce2e52", element="5D2C44ADC6DA212618119E30C6A484EA_element_98")&gt;</var>
<kw name="Get Text" library="RPA.Browser.Selenium">
<var>${temp_text}</var>
<arg>${temp_element}</arg>
<doc>Returns the text value of the element identified by ``locator``.</doc>
<msg timestamp="20231227 02:33:34.355" level="INFO">${temp_text} = 15 - 21</msg>
<status status="PASS" starttime="20231227 02:33:34.346" endtime="20231227 02:33:34.355"/>
</kw>
<kw name="Append To List" library="Collections">
<arg>${temp_list}</arg>
<arg>${temp_text}</arg>
<doc>Adds ``values`` to the end of ``list``.</doc>
<status status="PASS" starttime="20231227 02:33:34.355" endtime="20231227 02:33:34.355"/>
</kw>
<status status="PASS" starttime="20231227 02:33:34.346" endtime="20231227 02:33:34.355"/>
</iter>
<status status="PASS" starttime="20231227 02:33:34.286" endtime="20231227 02:33:34.355"/>
</for>
<msg timestamp="20231227 02:33:34.355" level="INFO">${temp_list} = ['15 - 26', '18 - 22', '19 - 21', '19 - 26', '17 - 20', '15 - 18', '15 - 21']</msg>
<status status="PASS" starttime="20231227 02:33:34.273" endtime="20231227 02:33:34.355"/>
</kw>
<kw name="Log" library="BuiltIn">
<arg>${temp_list}</arg>
<doc>Logs the given message with the given level.</doc>
<msg timestamp="20231227 02:33:34.356" level="INFO">['15 - 26', '18 - 22', '19 - 21', '19 - 26', '17 - 20', '15 - 18', '15 - 21']</msg>
<status status="PASS" starttime="20231227 02:33:34.355" endtime="20231227 02:33:34.356"/>
</kw>
<kw name="Create Excel">
<arg>result/result1.xlsx</arg>
<arg>${date_list}</arg>
<arg>${forecast_list}</arg>
<arg>${temp_list}</arg>
<kw name="Create Workbook" library="RPA.Excel.Files">
<arg>${file_name}</arg>
<doc>Create and open a new Excel workbook.</doc>
<status status="PASS" starttime="20231227 02:33:34.357" endtime="20231227 02:33:34.359"/>
</kw>
<kw name="Set Worksheet Value" library="RPA.Excel.Files">
<arg>1</arg>
<arg>1</arg>
<arg>日期</arg>
<doc>Alias for keyword ``Set cell value``, see the original keyword
for documentation.</doc>
<status status="PASS" starttime="20231227 02:33:34.359" endtime="20231227 02:33:34.360"/>
</kw>
<kw name="Set Worksheet Value" library="RPA.Excel.Files">
<arg>1</arg>
<arg>2</arg>
<arg>預報</arg>
<doc>Alias for keyword ``Set cell value``, see the original keyword
for documentation.</doc>
<status status="PASS" starttime="20231227 02:33:34.360" endtime="20231227 02:33:34.361"/>
</kw>
<kw name="Set Worksheet Value" library="RPA.Excel.Files">
<arg>1</arg>
<arg>3</arg>
<arg>氣溫</arg>
<doc>Alias for keyword ``Set cell value``, see the original keyword
for documentation.</doc>
<status status="PASS" starttime="20231227 02:33:34.361" endtime="20231227 02:33:34.361"/>
</kw>
<kw name="Create Dictionary" library="BuiltIn">
<var>${table}</var>
<arg>日期=${header}</arg>
<arg>預報=${signals}</arg>
<arg>氣溫=${body}</arg>
<doc>Creates and returns a dictionary based on the given ``items``.</doc>
<msg timestamp="20231227 02:33:34.362" level="INFO">${table} = {'日期': ['12/27\n星期三', '12/28\n星期四', '12/29\n星期五', '12/30\n星期六', '12/31\n星期日', '01/01\n星期一', '01/02\n星期二'], '預報': ['多雲', '多雲短暫雨', '多雲短暫雨', '多雲', '晴時多雲', '多雲', '晴時多雲'], '氣溫': ['15 - 26', '18 - 22', '19 ...</msg>
<status status="PASS" starttime="20231227 02:33:34.361" endtime="20231227 02:33:34.362"/>
</kw>
<kw name="Append Rows To Worksheet" library="RPA.Excel.Files">
<arg>${table}</arg>
<doc>Append values to the end of the worksheet.</doc>
<status status="PASS" starttime="20231227 02:33:34.362" endtime="20231227 02:33:34.363"/>
</kw>
<kw name="Save Workbook" library="RPA.Excel.Files">
<doc>Save the active workbook.</doc>
<status status="PASS" starttime="20231227 02:33:34.363" endtime="20231227 02:33:34.378"/>
</kw>
<kw name="Close Workbook" library="RPA.Excel.Files">
<doc>Close the active workbook.</doc>
<msg timestamp="20231227 02:33:34.378" level="INFO">Closing workbook: &lt;RPA.Excel.Files.XlsxWorkbook object at 0x7f97a9d73b50&gt;</msg>
<status status="PASS" starttime="20231227 02:33:34.378" endtime="20231227 02:33:34.378"/>
</kw>
<status status="PASS" starttime="20231227 02:33:34.356" endtime="20231227 02:33:34.378"/>
</kw>
<kw name="Capture Page Screenshot" library="RPA.Browser.Selenium">
<arg>test.png</arg>
<doc>Takes a screenshot of the current page and embeds it into a log file.</doc>
<msg timestamp="20231227 02:33:34.519" level="INFO" html="true">&lt;/td&gt;&lt;/tr&gt;&lt;tr&gt;&lt;td colspan="3"&gt;&lt;a href="test.png"&gt;&lt;img src="test.png" width="800px"&gt;&lt;/a&gt;</msg>
<status status="PASS" starttime="20231227 02:33:34.379" endtime="20231227 02:33:34.519"/>
</kw>
<status status="PASS" starttime="20231227 02:33:31.775" endtime="20231227 02:33:34.519"/>
</test>
<doc>Generate NEWS Title</doc>
<status status="PASS" starttime="20231227 02:33:31.269" endtime="20231227 02:33:34.521"/>
</suite>
<status status="PASS" starttime="20231227 02:33:31.230" endtime="20231227 02:33:34.522"/>
</suite>
<statistics>
<total>
<stat pass="1" fail="0" skip="0">All Tasks</stat>
</total>
<tag>
</tag>
<suite>
<stat pass="1" fail="0" skip="0" id="s1" name="Tests">Tests</stat>
<stat pass="1" fail="0" skip="0" id="s1-s1" name="Tasks">Tests.Tasks</stat>
</suite>
</statistics>
<errors>
</errors>
</robot>
