<?xml version="1.0" encoding="UTF-8"?>
<robot generator="Robot 5.0.1 (Python 3.9.2 on linux)" generated="20231212 03:05:11.632" rpa="true" schemaversion="3">
<suite id="s1" name="Tests" source="/1205/tests">
<suite id="s1-s1" name="Tasks" source="/1205/tests/tasks.robot">
<test id="s1-s1-t1" name="Minimal task" line="6">
<kw name="Log" library="BuiltIn">
<arg>Done.</arg>
<doc>Logs the given message with the given level.</doc>
<msg timestamp="20231212 03:05:11.660" level="INFO">Done.</msg>
<status status="PASS" starttime="20231212 03:05:11.660" endtime="20231212 03:05:11.660"/>
</kw>
<status status="PASS" starttime="20231212 03:05:11.659" endtime="20231212 03:05:11.661"/>
</test>
<doc>Template robot main suite.</doc>
<status status="PASS" starttime="20231212 03:05:11.656" endtime="20231212 03:05:11.661"/>
</suite>
<status status="PASS" starttime="20231212 03:05:11.634" endtime="20231212 03:05:11.663"/>
</suite>
<statistics>
<total>
<stat pass="1" fail="0" skip="0">All Tasks</stat>
</total>
<tag>
</tag>
<suite>
<stat pass="1" fail="0" skip="0" id="s1" name="Tests">Tests</stat>
<stat pass="1" fail="0" skip="0" id="s1-s1" name="Tasks">Tests.Tasks</stat>
</suite>
</statistics>
<errors>
</errors>
</robot>
